<?xml version="1.0" encoding="UTF-8"?>
<!-- Generated by org.testng.reporters.JUnitReportReporter -->
<testsuite skipped="0" hostname="DESKTOP-9NH6BU8" name="com.crm.qa.testcases.LoginPageTest" tests="3" failures="0" timestamp="08 Jul 2018 06:37:39 GMT" time="104.347" errors="0">
  <testcase name="loginPageTitleTest" time="14.690" classname="com.crm.qa.testcases.LoginPageTest"/>
  <testcase name="crmLogoImageTest" time="15.847" classname="com.crm.qa.testcases.LoginPageTest"/>
  <testcase name="loginTest" time="73.810" classname="com.crm.qa.testcases.LoginPageTest"/>
</testsuite> <!-- com.crm.qa.testcases.LoginPageTest -->
