<?xml version="1.0" encoding="UTF-8"?>
<!-- Generated by org.testng.reporters.JUnitReportReporter -->
<testsuite skipped="0" hostname="DESKTOP-9NH6BU8" name="com.crm.qa.testcases.LoginPageTest" tests="3" failures="0" timestamp="12 Jul 2018 17:22:11 GMT" time="108.103" errors="0">
  <testcase name="loginPageTitleTest" time="15.919" classname="com.crm.qa.testcases.LoginPageTest"/>
  <testcase name="crmLogoImageTest" time="14.401" classname="com.crm.qa.testcases.LoginPageTest"/>
  <testcase name="loginTest" time="77.783" classname="com.crm.qa.testcases.LoginPageTest"/>
</testsuite> <!-- com.crm.qa.testcases.LoginPageTest -->
